<?xml version="1.0" encoding="UTF-8"?>
<!-- Generated by org.testng.reporters.JUnitReportReporter -->
<testsuite hostname="JOBITO" failures="0" tests="8" name="testNgDemo.TestNGDemoClass" time="0.061" errors="0" timestamp="2025-07-07T08:59:01 IST" skipped="0">
  <testcase classname="testNgDemo.TestNGDemoClass" name="loginTest" time="0.003"/>
  <testcase classname="testNgDemo.TestNGDemoClass" name="loginTest" time="0.006"/>
  <testcase classname="testNgDemo.TestNGDemoClass" name="f" time="0.007"/>
  <testcase classname="testNgDemo.TestNGDemoClass" name="loginTest" time="0.009"/>
  <testcase classname="testNgDemo.TestNGDemoClass" name="loginTest" time="0.006"/>
  <testcase classname="testNgDemo.TestNGDemoClass" name="e" time="0.020"/>
  <testcase classname="testNgDemo.TestNGDemoClass" name="ff" time="0.004"/>
  <testcase classname="testNgDemo.TestNGDemoClass" name="loginTest" time="0.006"/>
</testsuite> <!-- testNgDemo.TestNGDemoClass -->
